app/build/outputs/logs/manifest-merger-debug-report.txt
-- Merging decision tree log ---
manifest
ADDED from src\main\AndroidManifest.xml:1:1-90:12
INJECTED from src\main\AndroidManifest.xml:1:1-90:12
INJECTED from src\main\AndroidManifest.xml:1:1-90:12
INJECTED from src\main\AndroidManifest.xml:1:1-90:12
INJECTED from src\main\AndroidManifest.xml:1:1-90:12
INJECTED from src\main\AndroidManifest.xml:1:1-90:12
INJECTED from src\main\AndroidManifest.xml:1:1-90:12
	package
		ADDED from src\main\AndroidManifest.xml:2:5-35
		INJECTED from src\main\AndroidManifest.xml
		INJECTED from src\main\AndroidManifest.xml
	android:versionName
		ADDED from src\main\AndroidManifest.xml:4:5-32
		INJECTED from src\main\AndroidManifest.xml
		INJECTED from src\main\AndroidManifest.xml
	xmlns:android
		ADDED from src\main\AndroidManifest.xml:1:11-69
	android:versionCode
		ADDED from src\main\AndroidManifest.xml:3:5-30
		INJECTED from src\main\AndroidManifest.xml
		INJECTED from src\main\AndroidManifest.xml
uses-sdk
ADDED from src\main\AndroidManifest.xml:6:5-8:41
INJECTED from src\main\AndroidManifest.xml:6:5-8:41
INJECTED from src\main\AndroidManifest.xml:6:5-8:41
INJECTED from src\main\AndroidManifest.xml:6:5-8:41
INJECTED from src\main\AndroidManifest.xml:6:5-8:41
	android:targetSdkVersion
		ADDED from src\main\AndroidManifest.xml:8:9-38
		INJECTED from src\main\AndroidManifest.xml
		INJECTED from src\main\AndroidManifest.xml
	android:minSdkVersion
		ADDED from src\main\AndroidManifest.xml:7:9-35
		INJECTED from src\main\AndroidManifest.xml
		INJECTED from src\main\AndroidManifest.xml
uses-permission#android.permission.WRITE_EXTERNAL_STORAGE
ADDED from src\main\AndroidManifest.xml:9:5-80
	android:name
		ADDED from src\main\AndroidManifest.xml:9:22-78
uses-feature#android.hardware.camera
ADDED from src\main\AndroidManifest.xml:10:6-61
	android:name
		ADDED from src\main\AndroidManifest.xml:10:20-58
uses-feature#android.hardware.camera.autofocus
ADDED from src\main\AndroidManifest.xml:11:2-67
	android:name
		ADDED from src\main\AndroidManifest.xml:11:16-64
uses-permission#android.permission.WAKE_LOCK
ADDED from src\main\AndroidManifest.xml:13:5-68
	android:name
		ADDED from src\main\AndroidManifest.xml:13:22-65
uses-permission#android.permission.READ_PHONE_STATE
ADDED from src\main\AndroidManifest.xml:14:5-75
	android:name
		ADDED from src\main\AndroidManifest.xml:14:22-72
uses-permission#android.permission.WRITE_SETTINGS
ADDED from src\main\AndroidManifest.xml:15:5-72
	android:name
		ADDED from src\main\AndroidManifest.xml:15:22-70
uses-permission#android.permission.WRITE_CONTACTS
ADDED from src\main\AndroidManifest.xml:16:5-73
	android:name
		ADDED from src\main\AndroidManifest.xml:16:22-70
uses-permission#android.permission.ACCESS_WIFI_STATE
ADDED from src\main\AndroidManifest.xml:17:5-75
	android:name
		ADDED from src\main\AndroidManifest.xml:17:22-73
uses-permission#android.permission.CHANGE_WIFI_STATE
ADDED from src\main\AndroidManifest.xml:18:5-76
	android:name
		ADDED from src\main\AndroidManifest.xml:18:22-73
uses-permission#android.permission.CHANGE_CONFIGURATION
ADDED from src\main\AndroidManifest.xml:19:2-76
	android:name
		ADDED from src\main\AndroidManifest.xml:19:19-73
uses-permission#android.permission.BLUETOOTH
ADDED from src\main\AndroidManifest.xml:20:2-64
	android:name
		ADDED from src\main\AndroidManifest.xml:20:19-62
uses-permission#android.permission.BLUETOOTH_ADMIN
ADDED from src\main\AndroidManifest.xml:21:5-73
	android:name
		ADDED from src\main\AndroidManifest.xml:21:22-71
uses-permission#android.permission.RECORD_AUDIO
ADDED from src\main\AndroidManifest.xml:22:5-70
	android:name
		ADDED from src\main\AndroidManifest.xml:22:22-68
uses-permission#android.permission.CAMERA
ADDED from src\main\AndroidManifest.xml:23:5-65
	android:name
		ADDED from src\main\AndroidManifest.xml:23:22-62
uses-permission#android.permission.FLASHLIGHT
ADDED from src\main\AndroidManifest.xml:24:2-65
	android:name
		ADDED from src\main\AndroidManifest.xml:24:19-63
uses-permission#android.permission.GET_TASKS
ADDED from src\main\AndroidManifest.xml:25:5-68
	android:name
		ADDED from src\main\AndroidManifest.xml:25:22-65
uses-permission#android.permission.KILL_BACKGROUND_PROCESSES
ADDED from src\main\AndroidManifest.xml:26:5-84
	android:name
		ADDED from src\main\AndroidManifest.xml:26:22-81
uses-permission#android.permission.ACCESS_FINE_LOCATION
ADDED from src\main\AndroidManifest.xml:27:2-75
	android:name
		ADDED from src\main\AndroidManifest.xml:27:19-73
uses-permission#android.permission.ACCESS_MOCK_LOCATION
ADDED from src\main\AndroidManifest.xml:28:2-75
	android:name
		ADDED from src\main\AndroidManifest.xml:28:19-73
uses-permission#android.permission.CPAYSDK_PINPAD_MODULE
ADDED from src\main\AndroidManifest.xml:31:2-76
	android:name
		ADDED from src\main\AndroidManifest.xml:31:19-74
uses-permission#android.permission.CPAYSDK_SWIPE_MODULE
ADDED from src\main\AndroidManifest.xml:33:2-75
	android:name
		ADDED from src\main\AndroidManifest.xml:33:19-73
uses-permission#android.permission.CPAYSDK_NEW_PBOC_MODULE
ADDED from src\main\AndroidManifest.xml:35:2-78
	android:name
		ADDED from src\main\AndroidManifest.xml:35:19-76
uses-permission#android.permission.CPAYSDK_IC_MODULE
ADDED from src\main\AndroidManifest.xml:37:2-72
	android:name
		ADDED from src\main\AndroidManifest.xml:37:19-70
uses-permission#android.permission.CPAYSDK_RF_MODULE
ADDED from src\main\AndroidManifest.xml:39:2-72
	android:name
		ADDED from src\main\AndroidManifest.xml:39:19-70
uses-permission#android.permission.CPAYSDK_PRINTER_MODULE
ADDED from src\main\AndroidManifest.xml:41:2-77
	android:name
		ADDED from src\main\AndroidManifest.xml:41:19-75
uses-permission#android.permission.CPAYSDK_M1_MODULE
ADDED from src\main\AndroidManifest.xml:43:2-72
	android:name
		ADDED from src\main\AndroidManifest.xml:43:19-70
uses-permission#android.permission.CPAYSDK_PSAM_MODULE
ADDED from src\main\AndroidManifest.xml:45:2-74
	android:name
		ADDED from src\main\AndroidManifest.xml:45:19-72
uses-permission#android.permission.CPAYSDK_SERIAL_PORT_MODULE
ADDED from src\main\AndroidManifest.xml:47:2-81
	android:name
		ADDED from src\main\AndroidManifest.xml:47:19-79
uses-permission#android.permission.CPAYSDK_VOICE_MODULE
ADDED from src\main\AndroidManifest.xml:49:2-75
	android:name
		ADDED from src\main\AndroidManifest.xml:49:19-73
uses-permission#android.permission.CPAYSDK_QUICK_SCAN
ADDED from src\main\AndroidManifest.xml:51:2-73
	android:name
		ADDED from src\main\AndroidManifest.xml:51:19-71
application
ADDED from src\main\AndroidManifest.xml:53:5-88:19
	android:label
		ADDED from src\main\AndroidManifest.xml:56:9-41
	android:icon
		ADDED from src\main\AndroidManifest.xml:55:9-45
	android:allowBackup
		ADDED from src\main\AndroidManifest.xml:54:9-35
	android:theme
		ADDED from src\main\AndroidManifest.xml:57:9-40
activity#com.centerm.smartpos.MainActivity
ADDED from src\main\AndroidManifest.xml:58:9-64:20
	android:name
		ADDED from src\main\AndroidManifest.xml:58:19-67
intent-filter#android.intent.action.MAIN+android.intent.category.LAUNCHER
ADDED from src\main\AndroidManifest.xml:59:13-63:29
action#android.intent.action.MAIN
ADDED from src\main\AndroidManifest.xml:60:17-69
	android:name
		ADDED from src\main\AndroidManifest.xml:60:25-66
category#android.intent.category.LAUNCHER
ADDED from src\main\AndroidManifest.xml:62:17-77
	android:name
		ADDED from src\main\AndroidManifest.xml:62:27-74
activity#com.centerm.smartpos.SwipeCardActivity
ADDED from src\main\AndroidManifest.xml:65:9-66:20
	android:name
		ADDED from src\main\AndroidManifest.xml:65:19-72
activity#com.centerm.smartpos.PinPadActivity
ADDED from src\main\AndroidManifest.xml:67:9-68:20
	android:name
		ADDED from src\main\AndroidManifest.xml:67:19-69
activity#com.centerm.smartpos.PbocActivity2
ADDED from src\main\AndroidManifest.xml:69:9-70:20
	android:name
		ADDED from src\main\AndroidManifest.xml:69:19-68
activity#com.centerm.smartpos.ICCardActivity
ADDED from src\main\AndroidManifest.xml:71:9-72:20
	android:name
		ADDED from src\main\AndroidManifest.xml:71:19-69
activity#com.centerm.smartpos.PrinterActivity
ADDED from src\main\AndroidManifest.xml:73:9-74:20
	android:name
		ADDED from src\main\AndroidManifest.xml:73:19-70
activity#com.centerm.smartpos.IRFCardActivity
ADDED from src\main\AndroidManifest.xml:75:9-76:20
	android:name
		ADDED from src\main\AndroidManifest.xml:75:19-70
activity#com.centerm.smartpos.M1CardActivity
ADDED from src\main\AndroidManifest.xml:77:9-78:20
	android:name
		ADDED from src\main\AndroidManifest.xml:77:19-69
activity#com.centerm.smartpos.PsamActivity
ADDED from src\main\AndroidManifest.xml:79:9-80:20
	android:name
		ADDED from src\main\AndroidManifest.xml:79:19-67
activity#com.centerm.smartpos.SerialPortActivity
ADDED from src\main\AndroidManifest.xml:81:9-82:20
	android:name
		ADDED from src\main\AndroidManifest.xml:81:19-73
activity#com.centerm.smartpos.QuickScanActivity
ADDED from src\main\AndroidManifest.xml:83:9-84:20
	android:name
		ADDED from src\main\AndroidManifest.xml:83:19-72
activity#com.centerm.smartpos.SoundPlayerActivity
ADDED from src\main\AndroidManifest.xml:85:9-86:20
	android:name
		ADDED from src\main\AndroidManifest.xml:85:19-74
activity#com.centerm.scanActivity.NewScanActivity
ADDED from src\main\AndroidManifest.xml:87:2-69
	android:name
		ADDED from src\main\AndroidManifest.xml:87:12-67